<?xml version="1.0" encoding="UTF-8"?>
<coverage generated="1783074917507" clover="3.2.0">
  <project timestamp="1783074917507" name="All files">
    <metrics statements="119" coveredstatements="119" conditionals="62" coveredconditionals="62" methods="30" coveredmethods="30" elements="211" coveredelements="211" complexity="0" loc="119" ncloc="119" packages="3" files="9" classes="9"/>
    <package name="domain">
      <metrics statements="85" coveredstatements="85" conditionals="54" coveredconditionals="54" methods="26" coveredmethods="26"/>
      <file name="coverage.ts" path="/home/user/starter-kit-mobile/src/domain/coverage.ts">
        <metrics statements="18" coveredstatements="18" conditionals="9" coveredconditionals="9" methods="3" coveredmethods="3"/>
        <line num="24" count="2" type="stmt"/>
        <line num="25" count="24" type="stmt"/>
        <line num="26" count="13" type="stmt"/>
        <line num="27" count="13" type="stmt"/>
        <line num="28" count="13" type="stmt"/>
        <line num="29" count="74" type="cond" truecount="2" falsecount="0"/>
        <line num="31" count="13" type="stmt"/>
        <line num="38" count="2" type="stmt"/>
        <line num="43" count="4" type="cond" truecount="2" falsecount="0"/>
        <line num="44" count="4" type="stmt"/>
        <line num="45" count="4" type="stmt"/>
        <line num="46" count="4" type="stmt"/>
        <line num="47" count="4" type="stmt"/>
        <line num="48" count="12" type="cond" truecount="2" falsecount="0"/>
        <line num="49" count="8" type="stmt"/>
        <line num="50" count="10" type="cond" truecount="2" falsecount="0"/>
        <line num="51" count="9" type="stmt"/>
        <line num="54" count="4" type="stmt"/>
      </file>
      <file name="extracted-point.ts" path="/home/user/starter-kit-mobile/src/domain/extracted-point.ts">
        <metrics statements="16" coveredstatements="16" conditionals="6" coveredconditionals="6" methods="5" coveredmethods="5"/>
        <line num="16" count="1" type="stmt"/>
        <line num="18" count="2" type="stmt"/>
        <line num="19" count="2" type="stmt"/>
        <line num="27" count="1" type="stmt"/>
        <line num="28" count="8" type="stmt"/>
        <line num="29" count="5" type="cond" truecount="2" falsecount="0"/>
        <line num="30" count="1" type="stmt"/>
        <line num="32" count="4" type="cond" truecount="2" falsecount="0"/>
        <line num="33" count="1" type="stmt"/>
        <line num="35" count="3" type="stmt"/>
        <line num="38" count="1" type="stmt"/>
        <line num="39" count="1" type="stmt"/>
        <line num="42" count="1" type="stmt"/>
        <line num="43" count="2" type="cond" truecount="2" falsecount="0"/>
        <line num="44" count="1" type="stmt"/>
        <line num="46" count="1" type="stmt"/>
      </file>
      <file name="meeting-session.ts" path="/home/user/starter-kit-mobile/src/domain/meeting-session.ts">
        <metrics statements="15" coveredstatements="15" conditionals="4" coveredconditionals="4" methods="4" coveredmethods="4"/>
        <line num="12" count="1" type="stmt"/>
        <line num="14" count="3" type="stmt"/>
        <line num="15" count="3" type="stmt"/>
        <line num="19" count="1" type="stmt"/>
        <line num="28" count="1" type="stmt"/>
        <line num="29" count="7" type="stmt"/>
        <line num="32" count="1" type="stmt"/>
        <line num="33" count="23" type="stmt"/>
        <line num="34" count="23" type="cond" truecount="2" falsecount="0"/>
        <line num="35" count="3" type="stmt"/>
        <line num="37" count="20" type="stmt"/>
        <line num="44" count="1" type="stmt"/>
        <line num="45" count="7" type="cond" truecount="2" falsecount="0"/>
        <line num="46" count="2" type="stmt"/>
        <line num="48" count="5" type="stmt"/>
      </file>
      <file name="meeting-type.ts" path="/home/user/starter-kit-mobile/src/domain/meeting-type.ts">
        <metrics statements="21" coveredstatements="21" conditionals="33" coveredconditionals="33" methods="3" coveredmethods="3"/>
        <line num="17" count="4" type="stmt"/>
        <line num="19" count="10" type="stmt"/>
        <line num="20" count="10" type="stmt"/>
        <line num="28" count="4" type="stmt"/>
        <line num="29" count="18" type="stmt"/>
        <line num="30" count="18" type="cond" truecount="4" falsecount="0"/>
        <line num="31" count="16" type="cond" truecount="4" falsecount="0"/>
        <line num="32" count="15" type="cond" truecount="4" falsecount="0"/>
        <line num="33" count="14" type="cond" truecount="4" falsecount="0"/>
        <line num="34" count="1" type="stmt"/>
        <line num="36" count="13" type="cond" truecount="4" falsecount="0"/>
        <line num="37" count="1" type="stmt"/>
        <line num="39" count="12" type="stmt"/>
        <line num="40" count="12" type="stmt"/>
        <line num="41" count="52" type="cond" truecount="5" falsecount="0"/>
        <line num="42" count="51" type="cond" truecount="4" falsecount="0"/>
        <line num="43" count="50" type="cond" truecount="2" falsecount="0"/>
        <line num="44" count="49" type="cond" truecount="2" falsecount="0"/>
        <line num="45" count="48" type="stmt"/>
        <line num="47" count="8" type="stmt"/>
        <line num="51" count="47" type="stmt"/>
      </file>
      <file name="transcript.ts" path="/home/user/starter-kit-mobile/src/domain/transcript.ts">
        <metrics statements="15" coveredstatements="15" conditionals="2" coveredconditionals="2" methods="11" coveredmethods="11"/>
        <line num="11" count="1" type="stmt"/>
        <line num="13" count="1" type="stmt"/>
        <line num="14" count="1" type="stmt"/>
        <line num="18" count="1" type="stmt"/>
        <line num="19" count="5" type="cond" truecount="2" falsecount="0"/>
        <line num="20" count="1" type="stmt"/>
        <line num="22" count="4" type="stmt"/>
        <line num="29" count="1" type="stmt"/>
        <line num="30" count="3" type="stmt"/>
        <line num="33" count="1" type="stmt"/>
        <line num="34" count="3" type="stmt"/>
        <line num="37" count="1" type="stmt"/>
        <line num="38" count="2" type="stmt"/>
        <line num="39" count="6" type="stmt"/>
        <line num="40" count="3" type="stmt"/>
      </file>
    </package>
    <package name="domain.artifacts">
      <metrics statements="32" coveredstatements="32" conditionals="8" coveredconditionals="8" methods="4" coveredmethods="4"/>
      <file name="minutes-builder.ts" path="/home/user/starter-kit-mobile/src/domain/artifacts/minutes-builder.ts">
        <metrics statements="9" coveredstatements="9" conditionals="2" coveredconditionals="2" methods="2" coveredmethods="2"/>
        <line num="14" count="1" type="stmt"/>
        <line num="15" count="4" type="stmt"/>
        <line num="16" count="4" type="stmt"/>
        <line num="17" count="16" type="stmt"/>
        <line num="18" count="32" type="stmt"/>
        <line num="19" count="16" type="stmt"/>
        <line num="20" count="8" type="stmt"/>
        <line num="22" count="16" type="cond" truecount="2" falsecount="0"/>
        <line num="24" count="4" type="stmt"/>
      </file>
      <file name="requirements-builder.ts" path="/home/user/starter-kit-mobile/src/domain/artifacts/requirements-builder.ts">
        <metrics statements="23" coveredstatements="23" conditionals="6" coveredconditionals="6" methods="2" coveredmethods="2"/>
        <line num="3" count="1" type="stmt"/>
        <line num="12" count="1" type="stmt"/>
        <line num="17" count="5" type="stmt"/>
        <line num="18" count="5" type="stmt"/>
        <line num="20" count="5" type="stmt"/>
        <line num="22" count="5" type="stmt"/>
        <line num="23" count="50" type="stmt"/>
        <line num="24" count="180" type="stmt"/>
        <line num="25" count="50" type="cond" truecount="2" falsecount="0"/>
        <line num="26" count="32" type="stmt"/>
        <line num="27" count="32" type="stmt"/>
        <line num="29" count="18" type="stmt"/>
        <line num="30" count="18" type="stmt"/>
        <line num="32" count="18" type="stmt"/>
        <line num="35" count="5" type="stmt"/>
        <line num="36" count="5" type="cond" truecount="2" falsecount="0"/>
        <line num="37" count="1" type="stmt"/>
        <line num="39" count="4" type="stmt"/>
        <line num="40" count="40" type="cond" truecount="2" falsecount="0"/>
        <line num="41" count="32" type="stmt"/>
        <line num="42" count="76" type="stmt"/>
        <line num="45" count="4" type="stmt"/>
        <line num="48" count="5" type="stmt"/>
      </file>
    </package>
    <package name="domain.templates">
      <metrics statements="2" coveredstatements="2" conditionals="0" coveredconditionals="0" methods="0" coveredmethods="0"/>
      <file name="generic-meeting.ts" path="/home/user/starter-kit-mobile/src/domain/templates/generic-meeting.ts">
        <metrics statements="1" coveredstatements="1" conditionals="0" coveredconditionals="0" methods="0" coveredmethods="0"/>
        <line num="5" count="2" type="stmt"/>
      </file>
      <file name="requirements-elicitation.ts" path="/home/user/starter-kit-mobile/src/domain/templates/requirements-elicitation.ts">
        <metrics statements="1" coveredstatements="1" conditionals="0" coveredconditionals="0" methods="0" coveredmethods="0"/>
        <line num="6" count="2" type="stmt"/>
      </file>
    </package>
  </project>
</coverage>
