{"/home/user/starter-kit-mobile/src/domain/coverage.ts": {"path":"/home/user/starter-kit-mobile/src/domain/coverage.ts","statementMap":{"0":{"start":{"line":24,"column":0},"end":{"line":24,"column":16}},"1":{"start":{"line":38,"column":0},"end":{"line":38,"column":16}},"2":{"start":{"line":25,"column":21},"end":{"line":25,"column":60}},"3":{"start":{"line":25,"column":47},"end":{"line":25,"column":58}},"4":{"start":{"line":26,"column":28},"end":{"line":26,"column":30}},"5":{"start":{"line":27,"column":28},"end":{"line":27,"column":30}},"6":{"start":{"line":28,"column":2},"end":{"line":30,"column":3}},"7":{"start":{"line":29,"column":4},"end":{"line":29,"column":70}},"8":{"start":{"line":31,"column":2},"end":{"line":31,"column":30}},"9":{"start":{"line":43,"column":20},"end":{"line":43,"column":58}},"10":{"start":{"line":44,"column":22},"end":{"line":44,"column":51}},"11":{"start":{"line":45,"column":21},"end":{"line":45,"column":37}},"12":{"start":{"line":46,"column":44},"end":{"line":46,"column":46}},"13":{"start":{"line":47,"column":2},"end":{"line":53,"column":3}},"14":{"start":{"line":48,"column":4},"end":{"line":48,"column":46}},"15":{"start":{"line":48,"column":37},"end":{"line":48,"column":46}},"16":{"start":{"line":49,"column":4},"end":{"line":52,"column":5}},"17":{"start":{"line":50,"column":6},"end":{"line":50,"column":44}},"18":{"start":{"line":50,"column":35},"end":{"line":50,"column":44}},"19":{"start":{"line":51,"column":6},"end":{"line":51,"column":89}},"20":{"start":{"line":54,"column":2},"end":{"line":54,"column":21}}},"fnMap":{"0":{"name":"computeCoverage","decl":{"start":{"line":24,"column":16},"end":{"line":24,"column":31}},"loc":{"start":{"line":24,"column":75},"end":{"line":32,"column":1}}},"1":{"name":"(anonymous_1)","decl":{"start":{"line":25,"column":40},"end":{"line":25,"column":41}},"loc":{"start":{"line":25,"column":47},"end":{"line":25,"column":58}}},"2":{"name":"suggestQuestions","decl":{"start":{"line":38,"column":16},"end":{"line":38,"column":32}},"loc":{"start":{"line":41,"column":30},"end":{"line":55,"column":1}}}},"branchMap":{"0":{"loc":{"start":{"line":29,"column":5},"end":{"line":29,"column":51}},"type":"cond-expr","locations":[{"start":{"line":29,"column":34},"end":{"line":29,"column":41}},{"start":{"line":29,"column":44},"end":{"line":29,"column":51}}]},"1":{"loc":{"start":{"line":41,"column":2},"end":{"line":41,"column":30}},"type":"default-arg","locations":[{"start":{"line":41,"column":28},"end":{"line":41,"column":30}}]},"2":{"loc":{"start":{"line":43,"column":20},"end":{"line":43,"column":58}},"type":"binary-expr","locations":[{"start":{"line":43,"column":20},"end":{"line":43,"column":37}},{"start":{"line":43,"column":41},"end":{"line":43,"column":58}}]},"3":{"loc":{"start":{"line":48,"column":4},"end":{"line":48,"column":46}},"type":"if","locations":[{"start":{"line":48,"column":4},"end":{"line":48,"column":46}},{"start":{},"end":{}}]},"4":{"loc":{"start":{"line":50,"column":6},"end":{"line":50,"column":44}},"type":"if","locations":[{"start":{"line":50,"column":6},"end":{"line":50,"column":44}},{"start":{},"end":{}}]}},"s":{"0":2,"1":2,"2":13,"3":24,"4":13,"5":13,"6":13,"7":74,"8":13,"9":4,"10":4,"11":4,"12":4,"13":4,"14":12,"15":4,"16":8,"17":10,"18":1,"19":9,"20":4},"f":{"0":13,"1":24,"2":4},"b":{"0":[23,51],"1":[3],"2":[4,3],"3":[4,8],"4":[1,9]}}
,"/home/user/starter-kit-mobile/src/domain/extracted-point.ts": {"path":"/home/user/starter-kit-mobile/src/domain/extracted-point.ts","statementMap":{"0":{"start":{"line":27,"column":0},"end":{"line":27,"column":16}},"1":{"start":{"line":38,"column":0},"end":{"line":38,"column":16}},"2":{"start":{"line":42,"column":0},"end":{"line":42,"column":16}},"3":{"start":{"line":18,"column":4},"end":{"line":18,"column":40}},"4":{"start":{"line":19,"column":4},"end":{"line":19,"column":30}},"5":{"start":{"line":16,"column":0},"end":{"line":16,"column":13}},"6":{"start":{"line":28,"column":18},"end":{"line":28,"column":71}},"7":{"start":{"line":28,"column":39},"end":{"line":28,"column":70}},"8":{"start":{"line":29,"column":2},"end":{"line":31,"column":3}},"9":{"start":{"line":30,"column":4},"end":{"line":30,"column":92}},"10":{"start":{"line":32,"column":2},"end":{"line":34,"column":3}},"11":{"start":{"line":33,"column":4},"end":{"line":33,"column":80}},"12":{"start":{"line":35,"column":2},"end":{"line":35,"column":51}},"13":{"start":{"line":39,"column":2},"end":{"line":39,"column":62}},"14":{"start":{"line":43,"column":2},"end":{"line":45,"column":3}},"15":{"start":{"line":44,"column":4},"end":{"line":44,"column":57}},"16":{"start":{"line":46,"column":2},"end":{"line":46,"column":57}}},"fnMap":{"0":{"name":"(anonymous_0)","decl":{"start":{"line":17,"column":2},"end":{"line":17,"column":14}},"loc":{"start":{"line":17,"column":28},"end":{"line":20,"column":3}}},"1":{"name":"anchorPoint","decl":{"start":{"line":27,"column":16},"end":{"line":27,"column":27}},"loc":{"start":{"line":27,"column":80},"end":{"line":36,"column":1}}},"2":{"name":"(anonymous_2)","decl":{"start":{"line":28,"column":32},"end":{"line":28,"column":33}},"loc":{"start":{"line":28,"column":39},"end":{"line":28,"column":70}}},"3":{"name":"movePoint","decl":{"start":{"line":38,"column":16},"end":{"line":38,"column":25}},"loc":{"start":{"line":38,"column":66},"end":{"line":40,"column":1}}},"4":{"name":"editPointText","decl":{"start":{"line":42,"column":16},"end":{"line":42,"column":29}},"loc":{"start":{"line":42,"column":65},"end":{"line":47,"column":1}}}},"branchMap":{"0":{"loc":{"start":{"line":29,"column":2},"end":{"line":31,"column":3}},"type":"if","locations":[{"start":{"line":29,"column":2},"end":{"line":31,"column":3}},{"start":{},"end":{}}]},"1":{"loc":{"start":{"line":32,"column":2},"end":{"line":34,"column":3}},"type":"if","locations":[{"start":{"line":32,"column":2},"end":{"line":34,"column":3}},{"start":{},"end":{}}]},"2":{"loc":{"start":{"line":43,"column":2},"end":{"line":45,"column":3}},"type":"if","locations":[{"start":{"line":43,"column":2},"end":{"line":45,"column":3}},{"start":{},"end":{}}]}},"s":{"0":1,"1":1,"2":1,"3":2,"4":2,"5":1,"6":5,"7":8,"8":5,"9":1,"10":4,"11":1,"12":3,"13":1,"14":2,"15":1,"16":1},"f":{"0":2,"1":5,"2":8,"3":1,"4":2},"b":{"0":[1,4],"1":[1,3],"2":[1,1]}}
,"/home/user/starter-kit-mobile/src/domain/meeting-session.ts": {"path":"/home/user/starter-kit-mobile/src/domain/meeting-session.ts","statementMap":{"0":{"start":{"line":28,"column":0},"end":{"line":28,"column":16}},"1":{"start":{"line":32,"column":0},"end":{"line":32,"column":16}},"2":{"start":{"line":44,"column":0},"end":{"line":44,"column":16}},"3":{"start":{"line":14,"column":4},"end":{"line":14,"column":73}},"4":{"start":{"line":15,"column":4},"end":{"line":15,"column":41}},"5":{"start":{"line":12,"column":0},"end":{"line":12,"column":13}},"6":{"start":{"line":19,"column":89},"end":{"line":26,"column":2}},"7":{"start":{"line":29,"column":2},"end":{"line":29,"column":58}},"8":{"start":{"line":33,"column":15},"end":{"line":33,"column":47}},"9":{"start":{"line":34,"column":2},"end":{"line":36,"column":3}},"10":{"start":{"line":35,"column":4},"end":{"line":35,"column":58}},"11":{"start":{"line":37,"column":2},"end":{"line":37,"column":36}},"12":{"start":{"line":45,"column":2},"end":{"line":47,"column":3}},"13":{"start":{"line":46,"column":4},"end":{"line":46,"column":45}},"14":{"start":{"line":48,"column":2},"end":{"line":48,"column":25}}},"fnMap":{"0":{"name":"(anonymous_0)","decl":{"start":{"line":13,"column":2},"end":{"line":13,"column":14}},"loc":{"start":{"line":13,"column":56},"end":{"line":16,"column":3}}},"1":{"name":"createSession","decl":{"start":{"line":28,"column":16},"end":{"line":28,"column":29}},"loc":{"start":{"line":28,"column":47},"end":{"line":30,"column":1}}},"2":{"name":"transition","decl":{"start":{"line":32,"column":16},"end":{"line":32,"column":26}},"loc":{"start":{"line":32,"column":74},"end":{"line":38,"column":1}}},"3":{"name":"restoreSession","decl":{"start":{"line":44,"column":16},"end":{"line":44,"column":30}},"loc":{"start":{"line":44,"column":60},"end":{"line":49,"column":1}}}},"branchMap":{"0":{"loc":{"start":{"line":34,"column":2},"end":{"line":36,"column":3}},"type":"if","locations":[{"start":{"line":34,"column":2},"end":{"line":36,"column":3}},{"start":{},"end":{}}]},"1":{"loc":{"start":{"line":45,"column":2},"end":{"line":47,"column":3}},"type":"if","locations":[{"start":{"line":45,"column":2},"end":{"line":47,"column":3}},{"start":{},"end":{}}]}},"s":{"0":1,"1":1,"2":1,"3":3,"4":3,"5":1,"6":1,"7":7,"8":23,"9":23,"10":3,"11":20,"12":7,"13":2,"14":5},"f":{"0":3,"1":7,"2":23,"3":7},"b":{"0":[3,20],"1":[2,5]}}
,"/home/user/starter-kit-mobile/src/domain/meeting-type.ts": {"path":"/home/user/starter-kit-mobile/src/domain/meeting-type.ts","statementMap":{"0":{"start":{"line":28,"column":0},"end":{"line":28,"column":16}},"1":{"start":{"line":19,"column":4},"end":{"line":19,"column":49}},"2":{"start":{"line":20,"column":4},"end":{"line":20,"column":42}},"3":{"start":{"line":17,"column":0},"end":{"line":17,"column":13}},"4":{"start":{"line":29,"column":12},"end":{"line":29,"column":47}},"5":{"start":{"line":30,"column":2},"end":{"line":30,"column":88}},"6":{"start":{"line":30,"column":35},"end":{"line":30,"column":88}},"7":{"start":{"line":31,"column":2},"end":{"line":31,"column":89}},"8":{"start":{"line":31,"column":41},"end":{"line":31,"column":89}},"9":{"start":{"line":32,"column":2},"end":{"line":32,"column":95}},"10":{"start":{"line":32,"column":45},"end":{"line":32,"column":95}},"11":{"start":{"line":33,"column":2},"end":{"line":35,"column":3}},"12":{"start":{"line":34,"column":4},"end":{"line":34,"column":84}},"13":{"start":{"line":36,"column":2},"end":{"line":38,"column":3}},"14":{"start":{"line":37,"column":4},"end":{"line":37,"column":56}},"15":{"start":{"line":39,"column":15},"end":{"line":39,"column":32}},"16":{"start":{"line":40,"column":2},"end":{"line":46,"column":3}},"17":{"start":{"line":41,"column":4},"end":{"line":41,"column":105}},"18":{"start":{"line":41,"column":55},"end":{"line":41,"column":105}},"19":{"start":{"line":42,"column":4},"end":{"line":42,"column":119}},"20":{"start":{"line":42,"column":55},"end":{"line":42,"column":119}},"21":{"start":{"line":43,"column":4},"end":{"line":43,"column":104}},"22":{"start":{"line":43,"column":37},"end":{"line":43,"column":104}},"23":{"start":{"line":44,"column":4},"end":{"line":44,"column":88}},"24":{"start":{"line":44,"column":24},"end":{"line":44,"column":88}},"25":{"start":{"line":45,"column":4},"end":{"line":45,"column":19}},"26":{"start":{"line":47,"column":2},"end":{"line":52,"column":4}},"27":{"start":{"line":51,"column":37},"end":{"line":51,"column":94}}},"fnMap":{"0":{"name":"(anonymous_0)","decl":{"start":{"line":18,"column":2},"end":{"line":18,"column":14}},"loc":{"start":{"line":18,"column":28},"end":{"line":21,"column":3}}},"1":{"name":"parseMeetingType","decl":{"start":{"line":28,"column":16},"end":{"line":28,"column":32}},"loc":{"start":{"line":28,"column":46},"end":{"line":53,"column":1}}},"2":{"name":"(anonymous_2)","decl":{"start":{"line":51,"column":29},"end":{"line":51,"column":30}},"loc":{"start":{"line":51,"column":37},"end":{"line":51,"column":94}}}},"branchMap":{"0":{"loc":{"start":{"line":30,"column":2},"end":{"line":30,"column":88}},"type":"if","locations":[{"start":{"line":30,"column":2},"end":{"line":30,"column":88}},{"start":{},"end":{}}]},"1":{"loc":{"start":{"line":30,"column":6},"end":{"line":30,"column":33}},"type":"binary-expr","locations":[{"start":{"line":30,"column":6},"end":{"line":30,"column":8}},{"start":{"line":30,"column":12},"end":{"line":30,"column":33}}]},"2":{"loc":{"start":{"line":31,"column":2},"end":{"line":31,"column":89}},"type":"if","locations":[{"start":{"line":31,"column":2},"end":{"line":31,"column":89}},{"start":{},"end":{}}]},"3":{"loc":{"start":{"line":31,"column":6},"end":{"line":31,"column":39}},"type":"binary-expr","locations":[{"start":{"line":31,"column":6},"end":{"line":31,"column":11}},{"start":{"line":31,"column":15},"end":{"line":31,"column":39}}]},"4":{"loc":{"start":{"line":32,"column":2},"end":{"line":32,"column":95}},"type":"if","locations":[{"start":{"line":32,"column":2},"end":{"line":32,"column":95}},{"start":{},"end":{}}]},"5":{"loc":{"start":{"line":32,"column":6},"end":{"line":32,"column":43}},"type":"binary-expr","locations":[{"start":{"line":32,"column":6},"end":{"line":32,"column":13}},{"start":{"line":32,"column":17},"end":{"line":32,"column":43}}]},"6":{"loc":{"start":{"line":33,"column":2},"end":{"line":35,"column":3}},"type":"if","locations":[{"start":{"line":33,"column":2},"end":{"line":35,"column":3}},{"start":{},"end":{}}]},"7":{"loc":{"start":{"line":33,"column":6},"end":{"line":33,"column":67}},"type":"binary-expr","locations":[{"start":{"line":33,"column":6},"end":{"line":33,"column":28}},{"start":{"line":33,"column":32},"end":{"line":33,"column":67}}]},"8":{"loc":{"start":{"line":36,"column":2},"end":{"line":38,"column":3}},"type":"if","locations":[{"start":{"line":36,"column":2},"end":{"line":38,"column":3}},{"start":{},"end":{}}]},"9":{"loc":{"start":{"line":36,"column":6},"end":{"line":36,"column":59}},"type":"binary-expr","locations":[{"start":{"line":36,"column":6},"end":{"line":36,"column":32}},{"start":{"line":36,"column":36},"end":{"line":36,"column":59}}]},"10":{"loc":{"start":{"line":41,"column":4},"end":{"line":41,"column":105}},"type":"if","locations":[{"start":{"line":41,"column":4},"end":{"line":41,"column":105}},{"start":{},"end":{}}]},"11":{"loc":{"start":{"line":41,"column":8},"end":{"line":41,"column":53}},"type":"binary-expr","locations":[{"start":{"line":41,"column":8},"end":{"line":41,"column":10}},{"start":{"line":41,"column":14},"end":{"line":41,"column":38}},{"start":{"line":41,"column":42},"end":{"line":41,"column":53}}]},"12":{"loc":{"start":{"line":42,"column":4},"end":{"line":42,"column":119}},"type":"if","locations":[{"start":{"line":42,"column":4},"end":{"line":42,"column":119}},{"start":{},"end":{}}]},"13":{"loc":{"start":{"line":42,"column":8},"end":{"line":42,"column":53}},"type":"binary-expr","locations":[{"start":{"line":42,"column":8},"end":{"line":42,"column":35}},{"start":{"line":42,"column":39},"end":{"line":42,"column":53}}]},"14":{"loc":{"start":{"line":43,"column":4},"end":{"line":43,"column":104}},"type":"if","locations":[{"start":{"line":43,"column":4},"end":{"line":43,"column":104}},{"start":{},"end":{}}]},"15":{"loc":{"start":{"line":44,"column":4},"end":{"line":44,"column":88}},"type":"if","locations":[{"start":{"line":44,"column":4},"end":{"line":44,"column":88}},{"start":{},"end":{}}]}},"s":{"0":4,"1":10,"2":10,"3":4,"4":18,"5":18,"6":2,"7":16,"8":1,"9":15,"10":1,"11":14,"12":1,"13":13,"14":1,"15":12,"16":12,"17":52,"18":1,"19":51,"20":1,"21":50,"22":1,"23":49,"24":1,"25":48,"26":8,"27":47},"f":{"0":10,"1":18,"2":47},"b":{"0":[2,16],"1":[18,17],"2":[1,15],"3":[16,15],"4":[1,14],"5":[15,14],"6":[1,13],"7":[14,5],"8":[1,12],"9":[13,13],"10":[1,51],"11":[52,52,51],"12":[1,50],"13":[51,50],"14":[1,49],"15":[1,48]}}
,"/home/user/starter-kit-mobile/src/domain/transcript.ts": {"path":"/home/user/starter-kit-mobile/src/domain/transcript.ts","statementMap":{"0":{"start":{"line":18,"column":0},"end":{"line":18,"column":16}},"1":{"start":{"line":29,"column":0},"end":{"line":29,"column":16}},"2":{"start":{"line":33,"column":0},"end":{"line":33,"column":16}},"3":{"start":{"line":37,"column":0},"end":{"line":37,"column":16}},"4":{"start":{"line":13,"column":4},"end":{"line":13,"column":56}},"5":{"start":{"line":14,"column":4},"end":{"line":14,"column":40}},"6":{"start":{"line":11,"column":0},"end":{"line":11,"column":13}},"7":{"start":{"line":19,"column":2},"end":{"line":21,"column":3}},"8":{"start":{"line":19,"column":27},"end":{"line":19,"column":46}},"9":{"start":{"line":20,"column":4},"end":{"line":20,"column":48}},"10":{"start":{"line":22,"column":2},"end":{"line":22,"column":70}},"11":{"start":{"line":22,"column":47},"end":{"line":22,"column":68}},"12":{"start":{"line":30,"column":2},"end":{"line":30,"column":52}},"13":{"start":{"line":30,"column":32},"end":{"line":30,"column":50}},"14":{"start":{"line":34,"column":2},"end":{"line":34,"column":50}},"15":{"start":{"line":34,"column":30},"end":{"line":34,"column":48}},"16":{"start":{"line":38,"column":2},"end":{"line":41,"column":16}},"17":{"start":{"line":39,"column":19},"end":{"line":39,"column":34}},"18":{"start":{"line":40,"column":16},"end":{"line":40,"column":22}}},"fnMap":{"0":{"name":"(anonymous_0)","decl":{"start":{"line":12,"column":2},"end":{"line":12,"column":14}},"loc":{"start":{"line":12,"column":24},"end":{"line":15,"column":3}}},"1":{"name":"addSegment","decl":{"start":{"line":18,"column":16},"end":{"line":18,"column":26}},"loc":{"start":{"line":18,"column":84},"end":{"line":23,"column":1}}},"2":{"name":"(anonymous_2)","decl":{"start":{"line":19,"column":20},"end":{"line":19,"column":21}},"loc":{"start":{"line":19,"column":27},"end":{"line":19,"column":46}}},"3":{"name":"(anonymous_3)","decl":{"start":{"line":22,"column":37},"end":{"line":22,"column":38}},"loc":{"start":{"line":22,"column":47},"end":{"line":22,"column":68}}},"4":{"name":"artifactBase","decl":{"start":{"line":29,"column":16},"end":{"line":29,"column":28}},"loc":{"start":{"line":29,"column":58},"end":{"line":31,"column":1}}},"5":{"name":"(anonymous_5)","decl":{"start":{"line":30,"column":25},"end":{"line":30,"column":26}},"loc":{"start":{"line":30,"column":32},"end":{"line":30,"column":50}}},"6":{"name":"hasFinal","decl":{"start":{"line":33,"column":16},"end":{"line":33,"column":24}},"loc":{"start":{"line":33,"column":54},"end":{"line":35,"column":1}}},"7":{"name":"(anonymous_7)","decl":{"start":{"line":34,"column":23},"end":{"line":34,"column":24}},"loc":{"start":{"line":34,"column":30},"end":{"line":34,"column":48}}},"8":{"name":"fullText","decl":{"start":{"line":37,"column":16},"end":{"line":37,"column":24}},"loc":{"start":{"line":37,"column":76},"end":{"line":42,"column":1}}},"9":{"name":"(anonymous_9)","decl":{"start":{"line":39,"column":12},"end":{"line":39,"column":13}},"loc":{"start":{"line":39,"column":19},"end":{"line":39,"column":34}}},"10":{"name":"(anonymous_10)","decl":{"start":{"line":40,"column":9},"end":{"line":40,"column":10}},"loc":{"start":{"line":40,"column":16},"end":{"line":40,"column":22}}}},"branchMap":{"0":{"loc":{"start":{"line":19,"column":2},"end":{"line":21,"column":3}},"type":"if","locations":[{"start":{"line":19,"column":2},"end":{"line":21,"column":3}},{"start":{},"end":{}}]}},"s":{"0":1,"1":1,"2":1,"3":1,"4":1,"5":1,"6":1,"7":5,"8":3,"9":1,"10":4,"11":2,"12":2,"13":3,"14":2,"15":3,"16":2,"17":6,"18":3},"f":{"0":1,"1":5,"2":3,"3":2,"4":2,"5":3,"6":2,"7":3,"8":2,"9":6,"10":3},"b":{"0":[1,4]}}
,"/home/user/starter-kit-mobile/src/domain/artifacts/minutes-builder.ts": {"path":"/home/user/starter-kit-mobile/src/domain/artifacts/minutes-builder.ts","statementMap":{"0":{"start":{"line":14,"column":0},"end":{"line":14,"column":16}},"1":{"start":{"line":15,"column":26},"end":{"line":15,"column":84}},"2":{"start":{"line":16,"column":2},"end":{"line":23,"column":3}},"3":{"start":{"line":17,"column":4},"end":{"line":17,"column":42}},"4":{"start":{"line":18,"column":26},"end":{"line":18,"column":74}},"5":{"start":{"line":18,"column":47},"end":{"line":18,"column":73}},"6":{"start":{"line":19,"column":4},"end":{"line":21,"column":5}},"7":{"start":{"line":20,"column":6},"end":{"line":20,"column":36}},"8":{"start":{"line":22,"column":4},"end":{"line":22,"column":49}},"9":{"start":{"line":22,"column":34},"end":{"line":22,"column":49}},"10":{"start":{"line":24,"column":2},"end":{"line":24,"column":26}}},"fnMap":{"0":{"name":"buildMinutes","decl":{"start":{"line":14,"column":16},"end":{"line":14,"column":28}},"loc":{"start":{"line":14,"column":91},"end":{"line":25,"column":1}}},"1":{"name":"(anonymous_1)","decl":{"start":{"line":18,"column":40},"end":{"line":18,"column":41}},"loc":{"start":{"line":18,"column":47},"end":{"line":18,"column":73}}}},"branchMap":{"0":{"loc":{"start":{"line":22,"column":4},"end":{"line":22,"column":49}},"type":"if","locations":[{"start":{"line":22,"column":4},"end":{"line":22,"column":49}},{"start":{},"end":{}}]}},"s":{"0":1,"1":4,"2":4,"3":16,"4":16,"5":32,"6":16,"7":8,"8":16,"9":8,"10":4},"f":{"0":4,"1":32},"b":{"0":[8,8]}}
,"/home/user/starter-kit-mobile/src/domain/artifacts/requirements-builder.ts": {"path":"/home/user/starter-kit-mobile/src/domain/artifacts/requirements-builder.ts","statementMap":{"0":{"start":{"line":12,"column":0},"end":{"line":12,"column":16}},"1":{"start":{"line":3,"column":0},"end":{"line":3,"column":46}},"2":{"start":{"line":17,"column":22},"end":{"line":17,"column":51}},"3":{"start":{"line":18,"column":21},"end":{"line":18,"column":37}},"4":{"start":{"line":20,"column":26},"end":{"line":20,"column":97}},"5":{"start":{"line":22,"column":2},"end":{"line":33,"column":3}},"6":{"start":{"line":23,"column":4},"end":{"line":23,"column":42}},"7":{"start":{"line":24,"column":26},"end":{"line":24,"column":74}},"8":{"start":{"line":24,"column":47},"end":{"line":24,"column":73}},"9":{"start":{"line":25,"column":4},"end":{"line":28,"column":5}},"10":{"start":{"line":26,"column":6},"end":{"line":26,"column":74}},"11":{"start":{"line":27,"column":6},"end":{"line":27,"column":15}},"12":{"start":{"line":29,"column":4},"end":{"line":31,"column":5}},"13":{"start":{"line":30,"column":6},"end":{"line":30,"column":36}},"14":{"start":{"line":32,"column":4},"end":{"line":32,"column":19}},"15":{"start":{"line":35,"column":2},"end":{"line":35,"column":38}},"16":{"start":{"line":36,"column":2},"end":{"line":46,"column":3}},"17":{"start":{"line":37,"column":4},"end":{"line":37,"column":77}},"18":{"start":{"line":39,"column":4},"end":{"line":44,"column":5}},"19":{"start":{"line":40,"column":6},"end":{"line":40,"column":48}},"20":{"start":{"line":40,"column":39},"end":{"line":40,"column":48}},"21":{"start":{"line":41,"column":6},"end":{"line":43,"column":7}},"22":{"start":{"line":42,"column":8},"end":{"line":42,"column":40}},"23":{"start":{"line":45,"column":4},"end":{"line":45,"column":19}},"24":{"start":{"line":48,"column":2},"end":{"line":48,"column":26}}},"fnMap":{"0":{"name":"buildRequirementsDoc","decl":{"start":{"line":12,"column":16},"end":{"line":12,"column":36}},"loc":{"start":{"line":15,"column":26},"end":{"line":49,"column":1}}},"1":{"name":"(anonymous_1)","decl":{"start":{"line":24,"column":40},"end":{"line":24,"column":41}},"loc":{"start":{"line":24,"column":47},"end":{"line":24,"column":73}}}},"branchMap":{"0":{"loc":{"start":{"line":25,"column":4},"end":{"line":28,"column":5}},"type":"if","locations":[{"start":{"line":25,"column":4},"end":{"line":28,"column":5}},{"start":{},"end":{}}]},"1":{"loc":{"start":{"line":36,"column":2},"end":{"line":46,"column":3}},"type":"if","locations":[{"start":{"line":36,"column":2},"end":{"line":46,"column":3}},{"start":{"line":38,"column":9},"end":{"line":46,"column":3}}]},"2":{"loc":{"start":{"line":40,"column":6},"end":{"line":40,"column":48}},"type":"if","locations":[{"start":{"line":40,"column":6},"end":{"line":40,"column":48}},{"start":{},"end":{}}]}},"s":{"0":1,"1":1,"2":5,"3":5,"4":5,"5":5,"6":50,"7":50,"8":180,"9":50,"10":32,"11":32,"12":18,"13":18,"14":18,"15":5,"16":5,"17":1,"18":4,"19":40,"20":8,"21":32,"22":76,"23":4,"24":5},"f":{"0":5,"1":180},"b":{"0":[32,18],"1":[1,4],"2":[8,32]}}
,"/home/user/starter-kit-mobile/src/domain/templates/generic-meeting.ts": {"path":"/home/user/starter-kit-mobile/src/domain/templates/generic-meeting.ts","statementMap":{"0":{"start":{"line":5,"column":13},"end":{"line":31,"column":11}}},"fnMap":{},"branchMap":{},"s":{"0":2},"f":{},"b":{}}
,"/home/user/starter-kit-mobile/src/domain/templates/requirements-elicitation.ts": {"path":"/home/user/starter-kit-mobile/src/domain/templates/requirements-elicitation.ts","statementMap":{"0":{"start":{"line":6,"column":13},"end":{"line":97,"column":11}}},"fnMap":{},"branchMap":{},"s":{"0":2},"f":{},"b":{}}
}
