TN:
SF:src/domain/coverage.ts
FN:24,computeCoverage
FN:25,(anonymous_1)
FN:38,suggestQuestions
FNF:3
FNH:3
FNDA:13,computeCoverage
FNDA:24,(anonymous_1)
FNDA:4,suggestQuestions
DA:24,2
DA:25,24
DA:26,13
DA:27,13
DA:28,13
DA:29,74
DA:31,13
DA:38,2
DA:43,4
DA:44,4
DA:45,4
DA:46,4
DA:47,4
DA:48,12
DA:49,8
DA:50,10
DA:51,9
DA:54,4
LF:18
LH:18
BRDA:29,0,0,23
BRDA:29,0,1,51
BRDA:41,1,0,3
BRDA:43,2,0,4
BRDA:43,2,1,3
BRDA:48,3,0,4
BRDA:48,3,1,8
BRDA:50,4,0,1
BRDA:50,4,1,9
BRF:9
BRH:9
end_of_record
TN:
SF:src/domain/extracted-point.ts
FN:17,(anonymous_0)
FN:27,anchorPoint
FN:28,(anonymous_2)
FN:38,movePoint
FN:42,editPointText
FNF:5
FNH:5
FNDA:2,(anonymous_0)
FNDA:5,anchorPoint
FNDA:8,(anonymous_2)
FNDA:1,movePoint
FNDA:2,editPointText
DA:16,1
DA:18,2
DA:19,2
DA:27,1
DA:28,8
DA:29,5
DA:30,1
DA:32,4
DA:33,1
DA:35,3
DA:38,1
DA:39,1
DA:42,1
DA:43,2
DA:44,1
DA:46,1
LF:16
LH:16
BRDA:29,0,0,1
BRDA:29,0,1,4
BRDA:32,1,0,1
BRDA:32,1,1,3
BRDA:43,2,0,1
BRDA:43,2,1,1
BRF:6
BRH:6
end_of_record
TN:
SF:src/domain/meeting-session.ts
FN:13,(anonymous_0)
FN:28,createSession
FN:32,transition
FN:44,restoreSession
FNF:4
FNH:4
FNDA:3,(anonymous_0)
FNDA:7,createSession
FNDA:23,transition
FNDA:7,restoreSession
DA:12,1
DA:14,3
DA:15,3
DA:19,1
DA:28,1
DA:29,7
DA:32,1
DA:33,23
DA:34,23
DA:35,3
DA:37,20
DA:44,1
DA:45,7
DA:46,2
DA:48,5
LF:15
LH:15
BRDA:34,0,0,3
BRDA:34,0,1,20
BRDA:45,1,0,2
BRDA:45,1,1,5
BRF:4
BRH:4
end_of_record
TN:
SF:src/domain/meeting-type.ts
FN:18,(anonymous_0)
FN:28,parseMeetingType
FN:51,(anonymous_2)
FNF:3
FNH:3
FNDA:10,(anonymous_0)
FNDA:18,parseMeetingType
FNDA:47,(anonymous_2)
DA:17,4
DA:19,10
DA:20,10
DA:28,4
DA:29,18
DA:30,18
DA:31,16
DA:32,15
DA:33,14
DA:34,1
DA:36,13
DA:37,1
DA:39,12
DA:40,12
DA:41,52
DA:42,51
DA:43,50
DA:44,49
DA:45,48
DA:47,8
DA:51,47
LF:21
LH:21
BRDA:30,0,0,2
BRDA:30,0,1,16
BRDA:30,1,0,18
BRDA:30,1,1,17
BRDA:31,2,0,1
BRDA:31,2,1,15
BRDA:31,3,0,16
BRDA:31,3,1,15
BRDA:32,4,0,1
BRDA:32,4,1,14
BRDA:32,5,0,15
BRDA:32,5,1,14
BRDA:33,6,0,1
BRDA:33,6,1,13
BRDA:33,7,0,14
BRDA:33,7,1,5
BRDA:36,8,0,1
BRDA:36,8,1,12
BRDA:36,9,0,13
BRDA:36,9,1,13
BRDA:41,10,0,1
BRDA:41,10,1,51
BRDA:41,11,0,52
BRDA:41,11,1,52
BRDA:41,11,2,51
BRDA:42,12,0,1
BRDA:42,12,1,50
BRDA:42,13,0,51
BRDA:42,13,1,50
BRDA:43,14,0,1
BRDA:43,14,1,49
BRDA:44,15,0,1
BRDA:44,15,1,48
BRF:33
BRH:33
end_of_record
TN:
SF:src/domain/transcript.ts
FN:12,(anonymous_0)
FN:18,addSegment
FN:19,(anonymous_2)
FN:22,(anonymous_3)
FN:29,artifactBase
FN:30,(anonymous_5)
FN:33,hasFinal
FN:34,(anonymous_7)
FN:37,fullText
FN:39,(anonymous_9)
FN:40,(anonymous_10)
FNF:11
FNH:11
FNDA:1,(anonymous_0)
FNDA:5,addSegment
FNDA:3,(anonymous_2)
FNDA:2,(anonymous_3)
FNDA:2,artifactBase
FNDA:3,(anonymous_5)
FNDA:2,hasFinal
FNDA:3,(anonymous_7)
FNDA:2,fullText
FNDA:6,(anonymous_9)
FNDA:3,(anonymous_10)
DA:11,1
DA:13,1
DA:14,1
DA:18,1
DA:19,5
DA:20,1
DA:22,4
DA:29,1
DA:30,3
DA:33,1
DA:34,3
DA:37,1
DA:38,2
DA:39,6
DA:40,3
LF:15
LH:15
BRDA:19,0,0,1
BRDA:19,0,1,4
BRF:2
BRH:2
end_of_record
TN:
SF:src/domain/artifacts/minutes-builder.ts
FN:14,buildMinutes
FN:18,(anonymous_1)
FNF:2
FNH:2
FNDA:4,buildMinutes
FNDA:32,(anonymous_1)
DA:14,1
DA:15,4
DA:16,4
DA:17,16
DA:18,32
DA:19,16
DA:20,8
DA:22,16
DA:24,4
LF:9
LH:9
BRDA:22,0,0,8
BRDA:22,0,1,8
BRF:2
BRH:2
end_of_record
TN:
SF:src/domain/artifacts/requirements-builder.ts
FN:12,buildRequirementsDoc
FN:24,(anonymous_1)
FNF:2
FNH:2
FNDA:5,buildRequirementsDoc
FNDA:180,(anonymous_1)
DA:3,1
DA:12,1
DA:17,5
DA:18,5
DA:20,5
DA:22,5
DA:23,50
DA:24,180
DA:25,50
DA:26,32
DA:27,32
DA:29,18
DA:30,18
DA:32,18
DA:35,5
DA:36,5
DA:37,1
DA:39,4
DA:40,40
DA:41,32
DA:42,76
DA:45,4
DA:48,5
LF:23
LH:23
BRDA:25,0,0,32
BRDA:25,0,1,18
BRDA:36,1,0,1
BRDA:36,1,1,4
BRDA:40,2,0,8
BRDA:40,2,1,32
BRF:6
BRH:6
end_of_record
TN:
SF:src/domain/templates/generic-meeting.ts
FNF:0
FNH:0
DA:5,2
LF:1
LH:1
BRF:0
BRH:0
end_of_record
TN:
SF:src/domain/templates/requirements-elicitation.ts
FNF:0
FNH:0
DA:6,2
LF:1
LH:1
BRF:0
BRH:0
end_of_record
